\BOOKMARK [0][-]{chapter.1}{\376\377\000I\000n\000t\000r\000o\000d\000u\000c\000c\000i\000\363\000n}{}% 1
\BOOKMARK [0][-]{chapter.2}{\376\377\000F\000u\000n\000d\000a\000m\000e\000n\000t\000o\000s\000\040\000m\000a\000t\000e\000m\000\341\000t\000i\000c\000o\000s\000\040\000d\000e\000\040\000l\000a\000\040\000T\000r\000a\000n\000s\000f\000o\000r\000m\000a\000c\000i\000\363\000n\000\040\000d\000e\000\040\000F\000o\000u\000r\000i\000e\000r\000\040\000F\000r\000a\000c\000c\000i\000o\000n\000a\000r\000i\000a}{}% 2
\BOOKMARK [1][-]{section.2.1}{\376\377\000N\000o\000c\000i\000o\000n\000e\000s\000\040\000b\000\341\000s\000i\000c\000a\000s}{chapter.2}% 3
\BOOKMARK [1][-]{section.2.2}{\376\377\000L\000a\000\040\000T\000F\000F\000r\000\040\000e\000n\000\040\000e\000l\000\040\000s\000e\000n\000t\000i\000d\000o\000\040\000d\000i\000s\000t\000r\000i\000b\000u\000c\000i\000o\000n\000a\000l}{chapter.2}% 4
\BOOKMARK [1][-]{section.2.3}{\376\377\000F\000u\000n\000d\000a\000m\000e\000n\000t\000o\000s\000\040\000d\000e\000\040\000l\000a\000\040\000T\000F\000F\000r\000\040\000i\000n\000t\000e\000g\000r\000a\000l}{chapter.2}% 5
\BOOKMARK [2][-]{subsection.2.3.1}{\376\377\000O\000r\000d\000e\000n\000\040\000r\000e\000a\000l}{section.2.3}% 6
\BOOKMARK [2][-]{subsection.2.3.2}{\376\377\000O\000r\000d\000e\000n\000\040\000c\000o\000m\000p\000l\000e\000j\000o}{section.2.3}% 7
\BOOKMARK [2][-]{subsection.2.3.3}{\376\377\000A\000p\000l\000i\000c\000a\000c\000i\000\363\000n\000\040\000a\000\040\000E\000D\000P\000s\000;\000\040\000s\000o\000l\000u\000c\000i\000o\000n\000e\000s\000\040\000s\000e\000m\000i\000-\000f\000u\000e\000r\000t\000e\000s\000\040\000d\000e\000\040\000F\000o\000u\000r\000i\000e\000r\000\040\000F\000r\000a\000c\000c\000i\000o\000n\000a\000r\000i\000o}{section.2.3}% 8
\BOOKMARK [1][-]{section.2.4}{\376\377\000F\000u\000n\000d\000a\000m\000e\000n\000t\000o\000s\000\040\000d\000e\000\040\000l\000a\000\040\000T\000F\000F\000r\000\040\000d\000i\000f\000e\000r\000e\000n\000c\000i\000a\000l}{chapter.2}% 9
\BOOKMARK [2][-]{subsection.2.4.1}{\376\377\000O\000r\000d\000e\000n\000\040\000r\000e\000a\000l}{section.2.4}% 10
\BOOKMARK [2][-]{subsection.2.4.2}{\376\377\000O\000r\000d\000e\000n\000\040\000c\000o\000m\000p\000l\000e\000j\000o}{section.2.4}% 11
\BOOKMARK [2][-]{subsection.2.4.3}{\376\377\000E\000x\000t\000e\000n\000s\000i\000\363\000n\000\040\000a\000\040\000\363\000r\000d\000e\000n\000e\000s\000\040\000m\000a\000t\000r\000i\000c\000i\000a\000l\000e\000s}{section.2.4}% 12
\BOOKMARK [0][-]{chapter.3}{\376\377\000F\000a\000s\000e\000\040\000c\000u\000\341\000n\000t\000i\000c\000a}{}% 13
\BOOKMARK [1][-]{section.3.1}{\376\377\000E\000s\000p\000a\000c\000i\000o\000\040\000d\000e\000\040\000f\000a\000s\000e\000\040\000y\000\040\000f\000u\000n\000c\000i\000\363\000n\000\040\000d\000e\000\040\000W\000i\000g\000n\000e\000r}{chapter.3}% 14
\BOOKMARK [1][-]{section.3.2}{\376\377\000O\000p\000e\000r\000a\000d\000o\000r\000\040\000d\000e\000\040\000f\000a\000s\000e\000\040\000c\000u\000\341\000n\000t\000i\000c\000a}{chapter.3}% 15
\BOOKMARK [2][-]{subsection.3.2.1}{\376\377\000T\000e\000s\000t\000\040\000d\000e\000\040\000K\000i\000l\000l\000i\000n\000g\000\040\000d\000e\000\040\000P\000a\000u\000l}{section.3.2}% 16
\BOOKMARK [0][-]{chapter.4}{\376\377\000D\000i\000f\000e\000r\000e\000n\000c\000i\000a\000\040\000d\000e\000\040\000f\000a\000s\000e\000\040\000c\000u\000\341\000n\000t\000i\000c\000a}{}% 17
\BOOKMARK [1][-]{section.4.1}{\376\377\000O\000p\000e\000r\000a\000d\000o\000r\000\040\000d\000e\000\040\000d\000i\000f\000e\000r\000e\000n\000c\000i\000a\000\040\000d\000e\000\040\000f\000a\000s\000e\000\040\000c\000u\000\341\000n\000t\000i\000c\000a}{chapter.4}% 18
\BOOKMARK [2][-]{subsection.4.1.1}{\376\377\000F\000a\000s\000e\000\040\000d\000e\000\040\000c\000o\000h\000e\000r\000e\000n\000c\000i\000a\000\040\000c\000l\000\341\000s\000i\000c\000a\000\040\000y\000\040\000c\000u\000\341\000n\000t\000i\000c\000a}{section.4.1}% 19
\BOOKMARK [2][-]{subsection.4.1.2}{\376\377\000T\000r\000a\000n\000s\000f\000o\000r\000m\000a\000c\000i\000o\000n\000e\000s\000\040\000d\000e\000\040\000p\000o\000l\000a\000r\000i\000z\000a\000c\000i\000\363\000n}{section.4.1}% 20
\BOOKMARK [0][-]{chapter.5}{\376\377\000C\000o\000n\000c\000l\000u\000s\000i\000o\000n\000e\000s}{}% 21
\BOOKMARK [0][-]{chapter.5}{\376\377\000R\000e\000f\000e\000r\000e\000n\000c\000i\000a\000s}{}% 22
